<?xml version="1.0" encoding="UTF-8"?>
<testsuite name="LoginTest" tests="10" skipped="0" failures="0" errors="0" timestamp="2021-05-26T15:32:19" hostname="MacBook-Pro-Taya.local" time="72.895">
  <properties/>
  <testcase name="loginTest" classname="LoginTest" time="7.319"/>
  <testcase name="loginTestDataProvider[0](marsh@gmail.com, Marsh1234$)" classname="LoginTest" time="7.33"/>
  <testcase name="loginTestDataProvider[1](marsh@gmail.com, Marsh1234$)" classname="LoginTest" time="7.86"/>
  <testcase name="loginTestDataProvider[2](marsh@gmail.com, Marsh1234$)" classname="LoginTest" time="6.987"/>
  <testcase name="loginTestFromFile[0](User{email='marsh@gmail.com', password='Marsh1234$'})" classname="LoginTest" time="7.05"/>
  <testcase name="loginTestFromFile[1](User{email='marsh@gmail.com', password='Marsh1234$'})" classname="LoginTest" time="6.931"/>
  <testcase name="loginTestFromFile[2](User{email='marsh@gmail.com', password='Marsh1234$'})" classname="LoginTest" time="7.031"/>
  <testcase name="loginTestFromFileFromClass[0](User{email='marsh@gmail.com', password='Marsh1234$'})" classname="LoginTest" time="6.936"/>
  <testcase name="loginTestFromFileFromClass[1](User{email='marsh@gmail.com', password='Marsh1234$'})" classname="LoginTest" time="6.853"/>
  <testcase name="loginTestFromFileFromClass[2](User{email='marsh@gmail.com', password='Marsh1234$'})" classname="LoginTest" time="7.145"/>
  <system-out><![CDATA[18:32:09 INFO  - Start method -->loginTest
18:32:09 INFO  - With param--->[]
18:32:09 INFO  - Start search element-->By.xpath: //a[text()=' Logout ']
18:32:19 INFO  - Found ---> By.xpath: //a[text()=' Logout ']
18:32:19 INFO  - Start search element-->By.xpath: //a[text()=' Log in ']
18:32:19 INFO  - Found ---> By.xpath: //a[text()=' Log in ']
18:32:20 INFO  - Start search element-->By.id: email
18:32:20 INFO  - Found ---> By.id: email
18:32:20 INFO  - Start search element-->By.id: password
18:32:20 INFO  - Found ---> By.id: password
18:32:20 INFO  - Login with mail: marsh@gmail.com
Login with password:Marsh1234$
18:32:20 INFO  - Start search element-->By.xpath: //button[@type='submit']
18:32:20 INFO  - Found ---> By.xpath: //button[@type='submit']
18:32:23 INFO  - Start search element-->By.xpath: //button[text()='Ok']
18:32:23 INFO  - Found ---> By.xpath: //button[text()='Ok']
18:32:27 INFO  - Start search element-->By.xpath: //a[text()=' Logout ']
18:32:27 INFO  - Found ---> By.xpath: //a[text()=' Logout ']
18:32:27 INFO  - Test passed
18:32:27 INFO  - End of method --->loginTest
18:32:27 INFO  - Start method -->loginTestDataProvider
18:32:27 INFO  - With param--->[marsh@gmail.com, Marsh1234$]
18:32:27 INFO  - Start search element-->By.xpath: //a[text()=' Logout ']
18:32:27 INFO  - Found ---> By.xpath: //a[text()=' Logout ']
18:32:27 INFO  - Start search element-->By.xpath: //a[text()=' Logout ']
18:32:27 INFO  - Found ---> By.xpath: //a[text()=' Logout ']
18:32:27 INFO  - Start search element-->By.xpath: //a[text()=' Log in ']
18:32:27 INFO  - Found ---> By.xpath: //a[text()=' Log in ']
18:32:27 INFO  - Start search element-->By.id: email
18:32:27 INFO  - Found ---> By.id: email
18:32:28 INFO  - Start search element-->By.id: password
18:32:28 INFO  - Found ---> By.id: password
18:32:28 INFO  - Start search element-->By.xpath: //button[@type='submit']
18:32:28 INFO  - Found ---> By.xpath: //button[@type='submit']
18:32:30 INFO  - Start search element-->By.xpath: //button[text()='Ok']
18:32:30 INFO  - Found ---> By.xpath: //button[text()='Ok']
18:32:34 INFO  - Start search element-->By.xpath: //a[text()=' Logout ']
18:32:34 INFO  - Found ---> By.xpath: //a[text()=' Logout ']
18:32:34 INFO  - Test passed
18:32:34 INFO  - End of method --->loginTestDataProvider
18:32:34 INFO  - Start method -->loginTestDataProvider
18:32:34 INFO  - With param--->[marsh@gmail.com, Marsh1234$]
18:32:34 INFO  - Start search element-->By.xpath: //a[text()=' Logout ']
18:32:34 INFO  - Found ---> By.xpath: //a[text()=' Logout ']
18:32:34 INFO  - Start search element-->By.xpath: //a[text()=' Logout ']
18:32:34 INFO  - Found ---> By.xpath: //a[text()=' Logout ']
18:32:34 INFO  - Start search element-->By.xpath: //a[text()=' Log in ']
18:32:34 INFO  - Found ---> By.xpath: //a[text()=' Log in ']
18:32:35 INFO  - Start search element-->By.id: email
18:32:35 INFO  - Found ---> By.id: email
18:32:35 INFO  - Start search element-->By.id: password
18:32:35 INFO  - Found ---> By.id: password
18:32:35 INFO  - Start search element-->By.xpath: //button[@type='submit']
18:32:35 INFO  - Found ---> By.xpath: //button[@type='submit']
18:32:37 INFO  - Start search element-->By.xpath: //button[text()='Ok']
18:32:38 INFO  - Found ---> By.xpath: //button[text()='Ok']
18:32:42 INFO  - Start search element-->By.xpath: //a[text()=' Logout ']
18:32:42 INFO  - Found ---> By.xpath: //a[text()=' Logout ']
18:32:42 INFO  - Test passed
18:32:42 INFO  - End of method --->loginTestDataProvider
18:32:42 INFO  - Start method -->loginTestDataProvider
18:32:42 INFO  - With param--->[marsh@gmail.com, Marsh1234$]
18:32:42 INFO  - Start search element-->By.xpath: //a[text()=' Logout ']
18:32:42 INFO  - Found ---> By.xpath: //a[text()=' Logout ']
18:32:42 INFO  - Start search element-->By.xpath: //a[text()=' Logout ']
18:32:42 INFO  - Found ---> By.xpath: //a[text()=' Logout ']
18:32:42 INFO  - Start search element-->By.xpath: //a[text()=' Log in ']
18:32:42 INFO  - Found ---> By.xpath: //a[text()=' Log in ']
18:32:43 INFO  - Start search element-->By.id: email
18:32:43 INFO  - Found ---> By.id: email
18:32:43 INFO  - Start search element-->By.id: password
18:32:43 INFO  - Found ---> By.id: password
18:32:43 INFO  - Start search element-->By.xpath: //button[@type='submit']
18:32:43 INFO  - Found ---> By.xpath: //button[@type='submit']
18:32:45 INFO  - Start search element-->By.xpath: //button[text()='Ok']
18:32:45 INFO  - Found ---> By.xpath: //button[text()='Ok']
18:32:49 INFO  - Start search element-->By.xpath: //a[text()=' Logout ']
18:32:49 INFO  - Found ---> By.xpath: //a[text()=' Logout ']
18:32:49 INFO  - Test passed
18:32:49 INFO  - End of method --->loginTestDataProvider
18:32:49 INFO  - Start method -->loginTestFromFile
18:32:49 INFO  - With param--->[User{email='marsh@gmail.com', password='Marsh1234$'}]
18:32:49 INFO  - Start search element-->By.xpath: //a[text()=' Logout ']
18:32:49 INFO  - Found ---> By.xpath: //a[text()=' Logout ']
18:32:49 INFO  - Start search element-->By.xpath: //a[text()=' Logout ']
18:32:49 INFO  - Found ---> By.xpath: //a[text()=' Logout ']
18:32:50 INFO  - Start search element-->By.xpath: //a[text()=' Log in ']
18:32:50 INFO  - Found ---> By.xpath: //a[text()=' Log in ']
18:32:50 INFO  - Start search element-->By.id: email
18:32:50 INFO  - Found ---> By.id: email
18:32:50 INFO  - Start search element-->By.id: password
18:32:50 INFO  - Found ---> By.id: password
18:32:50 INFO  - Start search element-->By.xpath: //button[@type='submit']
18:32:50 INFO  - Found ---> By.xpath: //button[@type='submit']
18:32:53 INFO  - Start search element-->By.xpath: //button[text()='Ok']
18:32:53 INFO  - Found ---> By.xpath: //button[text()='Ok']
18:32:57 INFO  - Start search element-->By.xpath: //a[text()=' Logout ']
18:32:57 INFO  - Found ---> By.xpath: //a[text()=' Logout ']
18:32:57 INFO  - Test passed
18:32:57 INFO  - End of method --->loginTestFromFile
18:32:57 INFO  - Start method -->loginTestFromFile
18:32:57 INFO  - With param--->[User{email='marsh@gmail.com', password='Marsh1234$'}]
18:32:57 INFO  - Start search element-->By.xpath: //a[text()=' Logout ']
18:32:57 INFO  - Found ---> By.xpath: //a[text()=' Logout ']
18:32:57 INFO  - Start search element-->By.xpath: //a[text()=' Logout ']
18:32:57 INFO  - Found ---> By.xpath: //a[text()=' Logout ']
18:32:57 INFO  - Start search element-->By.xpath: //a[text()=' Log in ']
18:32:57 INFO  - Found ---> By.xpath: //a[text()=' Log in ']
18:32:57 INFO  - Start search element-->By.id: email
18:32:57 INFO  - Found ---> By.id: email
18:32:57 INFO  - Start search element-->By.id: password
18:32:57 INFO  - Found ---> By.id: password
18:32:57 INFO  - Start search element-->By.xpath: //button[@type='submit']
18:32:57 INFO  - Found ---> By.xpath: //button[@type='submit']
18:33:00 INFO  - Start search element-->By.xpath: //button[text()='Ok']
18:33:00 INFO  - Found ---> By.xpath: //button[text()='Ok']
18:33:04 INFO  - Start search element-->By.xpath: //a[text()=' Logout ']
18:33:04 INFO  - Found ---> By.xpath: //a[text()=' Logout ']
18:33:04 INFO  - Test passed
18:33:04 INFO  - End of method --->loginTestFromFile
18:33:04 INFO  - Start method -->loginTestFromFile
18:33:04 INFO  - With param--->[User{email='marsh@gmail.com', password='Marsh1234$'}]
18:33:04 INFO  - Start search element-->By.xpath: //a[text()=' Logout ']
18:33:04 INFO  - Found ---> By.xpath: //a[text()=' Logout ']
18:33:04 INFO  - Start search element-->By.xpath: //a[text()=' Logout ']
18:33:04 INFO  - Found ---> By.xpath: //a[text()=' Logout ']
18:33:04 INFO  - Start search element-->By.xpath: //a[text()=' Log in ']
18:33:04 INFO  - Found ---> By.xpath: //a[text()=' Log in ']
18:33:04 INFO  - Start search element-->By.id: email
18:33:04 INFO  - Found ---> By.id: email
18:33:04 INFO  - Start search element-->By.id: password
18:33:04 INFO  - Found ---> By.id: password
18:33:05 INFO  - Start search element-->By.xpath: //button[@type='submit']
18:33:05 INFO  - Found ---> By.xpath: //button[@type='submit']
18:33:07 INFO  - Start search element-->By.xpath: //button[text()='Ok']
18:33:07 INFO  - Found ---> By.xpath: //button[text()='Ok']
18:33:11 INFO  - Start search element-->By.xpath: //a[text()=' Logout ']
18:33:11 INFO  - Found ---> By.xpath: //a[text()=' Logout ']
18:33:11 INFO  - Test passed
18:33:11 INFO  - End of method --->loginTestFromFile
18:33:11 INFO  - Start method -->loginTestFromFileFromClass
18:33:11 INFO  - With param--->[User{email='marsh@gmail.com', password='Marsh1234$'}]
18:33:11 INFO  - Start search element-->By.xpath: //a[text()=' Logout ']
18:33:11 INFO  - Found ---> By.xpath: //a[text()=' Logout ']
18:33:11 INFO  - Start search element-->By.xpath: //a[text()=' Logout ']
18:33:11 INFO  - Found ---> By.xpath: //a[text()=' Logout ']
18:33:11 INFO  - Start search element-->By.xpath: //a[text()=' Log in ']
18:33:11 INFO  - Found ---> By.xpath: //a[text()=' Log in ']
18:33:11 INFO  - Start search element-->By.id: email
18:33:11 INFO  - Found ---> By.id: email
18:33:11 INFO  - Start search element-->By.id: password
18:33:12 INFO  - Found ---> By.id: password
18:33:12 INFO  - Start search element-->By.xpath: //button[@type='submit']
18:33:12 INFO  - Found ---> By.xpath: //button[@type='submit']
18:33:14 INFO  - Start search element-->By.xpath: //button[text()='Ok']
18:33:14 INFO  - Found ---> By.xpath: //button[text()='Ok']
18:33:18 INFO  - Start search element-->By.xpath: //a[text()=' Logout ']
18:33:18 INFO  - Found ---> By.xpath: //a[text()=' Logout ']
18:33:18 INFO  - Test passed
18:33:18 INFO  - End of method --->loginTestFromFileFromClass
18:33:18 INFO  - Start method -->loginTestFromFileFromClass
18:33:18 INFO  - With param--->[User{email='marsh@gmail.com', password='Marsh1234$'}]
18:33:18 INFO  - Start search element-->By.xpath: //a[text()=' Logout ']
18:33:18 INFO  - Found ---> By.xpath: //a[text()=' Logout ']
18:33:18 INFO  - Start search element-->By.xpath: //a[text()=' Logout ']
18:33:18 INFO  - Found ---> By.xpath: //a[text()=' Logout ']
18:33:18 INFO  - Start search element-->By.xpath: //a[text()=' Log in ']
18:33:18 INFO  - Found ---> By.xpath: //a[text()=' Log in ']
18:33:18 INFO  - Start search element-->By.id: email
18:33:18 INFO  - Found ---> By.id: email
18:33:18 INFO  - Start search element-->By.id: password
18:33:18 INFO  - Found ---> By.id: password
18:33:19 INFO  - Start search element-->By.xpath: //button[@type='submit']
18:33:19 INFO  - Found ---> By.xpath: //button[@type='submit']
18:33:21 INFO  - Start search element-->By.xpath: //button[text()='Ok']
18:33:21 INFO  - Found ---> By.xpath: //button[text()='Ok']
18:33:25 INFO  - Start search element-->By.xpath: //a[text()=' Logout ']
18:33:25 INFO  - Found ---> By.xpath: //a[text()=' Logout ']
18:33:25 INFO  - Test passed
18:33:25 INFO  - End of method --->loginTestFromFileFromClass
18:33:25 INFO  - Start method -->loginTestFromFileFromClass
18:33:25 INFO  - With param--->[User{email='marsh@gmail.com', password='Marsh1234$'}]
18:33:25 INFO  - Start search element-->By.xpath: //a[text()=' Logout ']
18:33:25 INFO  - Found ---> By.xpath: //a[text()=' Logout ']
18:33:25 INFO  - Start search element-->By.xpath: //a[text()=' Logout ']
18:33:25 INFO  - Found ---> By.xpath: //a[text()=' Logout ']
18:33:25 INFO  - Start search element-->By.xpath: //a[text()=' Log in ']
18:33:25 INFO  - Found ---> By.xpath: //a[text()=' Log in ']
18:33:25 INFO  - Start search element-->By.id: email
18:33:25 INFO  - Found ---> By.id: email
18:33:26 INFO  - Start search element-->By.id: password
18:33:26 INFO  - Found ---> By.id: password
18:33:26 INFO  - Start search element-->By.xpath: //button[@type='submit']
18:33:26 INFO  - Found ---> By.xpath: //button[@type='submit']
18:33:28 INFO  - Start search element-->By.xpath: //button[text()='Ok']
18:33:28 INFO  - Found ---> By.xpath: //button[text()='Ok']
18:33:32 INFO  - Start search element-->By.xpath: //a[text()=' Logout ']
18:33:32 INFO  - Found ---> By.xpath: //a[text()=' Logout ']
18:33:32 INFO  - Test passed
18:33:32 INFO  - End of method --->loginTestFromFileFromClass
]]></system-out>
  <system-err><![CDATA[]]></system-err>
</testsuite>
